Base path: D:/VADE_2015/Unity5/Editor/Data
Pipe name: \\.\pipe\UnityShaderCompiler-64bit-5-2992
Cmd: getPlatforms
Cmd: preprocess
  insize=1500 outsize=582 ok=1
Cmd: preprocess
  insize=1094 outsize=1091 ok=1
Cmd: preprocess
  insize=656 outsize=653 ok=1
Cmd: preprocess
  insize=482 outsize=479 ok=1
Cmd: preprocess
  insize=1394 outsize=680 ok=1
Cmd: compileSnippet
  api=4 type=0 insize=1013 outsize=2005 kw= ok=1
Cmd: compileSnippet
  api=4 type=1 insize=1013 outsize=982 kw= ok=1
Cmd: preprocess
  insize=1401 outsize=687 ok=1
Cmd: preprocess
  insize=1345 outsize=2173 ok=1
Cmd: compileSnippet
  api=4 type=0 insize=7291 outsize=4557 kw=DIRECTIONAL SHADOWS_OFF LIGHTMAP_OFF DIRLIGHTMAP_OFF DYNAMICLIGHTMAP_OFF ok=1
Cmd: compileSnippet
  api=4 type=1 insize=7291 outsize=1233 kw=DIRECTIONAL SHADOWS_OFF LIGHTMAP_OFF DIRLIGHTMAP_OFF DYNAMICLIGHTMAP_OFF ok=1
Cmd: compileSnippet
  api=4 type=0 insize=4128 outsize=3647 kw=POINT ok=1
Cmd: compileSnippet
  api=4 type=1 insize=4128 outsize=1867 kw=POINT ok=1
Cmd: compileSnippet
  api=4 type=0 insize=3286 outsize=3460 kw= ok=1
Cmd: compileSnippet
  api=4 type=1 insize=3286 outsize=681 kw= ok=1
Cmd: compileSnippet
  api=4 type=0 insize=6456 outsize=4995 kw=LIGHTMAP_OFF DIRLIGHTMAP_OFF DYNAMICLIGHTMAP_OFF HDR_LIGHT_PREPASS_OFF ok=1
Cmd: compileSnippet
  api=4 type=1 insize=6456 outsize=1250 kw=LIGHTMAP_OFF DIRLIGHTMAP_OFF DYNAMICLIGHTMAP_OFF HDR_LIGHT_PREPASS_OFF ok=1
Cmd: compileSnippet
  api=4 type=0 insize=6409 outsize=4695 kw=LIGHTMAP_OFF DIRLIGHTMAP_OFF DYNAMICLIGHTMAP_OFF HDR_LIGHT_PREPASS_OFF ok=1
Cmd: compileSnippet
  api=4 type=1 insize=6409 outsize=1534 kw=LIGHTMAP_OFF DIRLIGHTMAP_OFF DYNAMICLIGHTMAP_OFF HDR_LIGHT_PREPASS_OFF ok=1
Cmd: compileSnippet
  api=4 type=0 insize=3091 outsize=4906 kw=SHADOWS_DEPTH ok=1
Cmd: compileSnippet
  api=4 type=1 insize=3091 outsize=510 kw=SHADOWS_DEPTH ok=1
Cmd: compileSnippet
  api=4 type=0 insize=3477 outsize=3435 kw= ok=1
Cmd: compileSnippet
  api=4 type=1 insize=3477 outsize=1233 kw= ok=1
Cmd: compileSnippet
  api=4 type=0 insize=4128 outsize=3647 kw=DIRECTIONAL ok=1
Cmd: compileSnippet
  api=4 type=1 insize=4128 outsize=1087 kw=DIRECTIONAL ok=1
Cmd: preprocess
  insize=1343 outsize=2172 ok=1
Cmd: compileSnippet
  api=4 type=0 insize=7291 outsize=4557 kw=DIRECTIONAL SHADOWS_OFF LIGHTMAP_OFF DIRLIGHTMAP_OFF DYNAMICLIGHTMAP_OFF ok=1
Cmd: compileSnippet
  api=4 type=1 insize=7291 outsize=1233 kw=DIRECTIONAL SHADOWS_OFF LIGHTMAP_OFF DIRLIGHTMAP_OFF DYNAMICLIGHTMAP_OFF ok=1
Cmd: compileSnippet
  api=4 type=0 insize=4128 outsize=3647 kw=POINT ok=1
Cmd: compileSnippet
  api=4 type=1 insize=4128 outsize=1867 kw=POINT ok=1
Cmd: compileSnippet
  api=4 type=0 insize=3286 outsize=3460 kw= ok=1
Cmd: compileSnippet
  api=4 type=1 insize=3286 outsize=681 kw= ok=1
Cmd: compileSnippet
  api=4 type=0 insize=6456 outsize=4995 kw=LIGHTMAP_OFF DIRLIGHTMAP_OFF DYNAMICLIGHTMAP_OFF HDR_LIGHT_PREPASS_OFF ok=1
Cmd: compileSnippet
  api=4 type=1 insize=6456 outsize=1250 kw=LIGHTMAP_OFF DIRLIGHTMAP_OFF DYNAMICLIGHTMAP_OFF HDR_LIGHT_PREPASS_OFF ok=1
Cmd: compileSnippet
  api=4 type=0 insize=6409 outsize=4695 kw=LIGHTMAP_OFF DIRLIGHTMAP_OFF DYNAMICLIGHTMAP_OFF HDR_LIGHT_PREPASS_OFF ok=1
Cmd: compileSnippet
  api=4 type=1 insize=6409 outsize=1534 kw=LIGHTMAP_OFF DIRLIGHTMAP_OFF DYNAMICLIGHTMAP_OFF HDR_LIGHT_PREPASS_OFF ok=1
Cmd: compileSnippet
  api=4 type=0 insize=3091 outsize=4906 kw=SHADOWS_DEPTH ok=1
Cmd: compileSnippet
  api=4 type=1 insize=3091 outsize=510 kw=SHADOWS_DEPTH ok=1
Cmd: compileSnippet
  api=4 type=0 insize=3477 outsize=3435 kw= ok=1
Cmd: compileSnippet
  api=4 type=1 insize=3477 outsize=1233 kw= ok=1
Cmd: preprocess
  error: 2 plat 15 at (26): Syntax error
  error: 2 plat 15 at (28): Syntax error
  insize=1301 outsize=693 ok=0
Cmd: preprocess
  error: 2 plat 15 at (26): Syntax error
  insize=1295 outsize=677 ok=0
Cmd: preprocess
  error: 2 plat 15 at (27): Syntax error
  insize=1265 outsize=677 ok=0
Cmd: preprocess
  insize=1230 outsize=1839 ok=1
Cmd: compileSnippet
  api=4 type=0 insize=7283 outsize=4557 kw=DIRECTIONAL SHADOWS_OFF LIGHTMAP_OFF DIRLIGHTMAP_OFF DYNAMICLIGHTMAP_OFF ok=1
Cmd: compileSnippet
  api=4 type=1 insize=7283 outsize=1233 kw=DIRECTIONAL SHADOWS_OFF LIGHTMAP_OFF DIRLIGHTMAP_OFF DYNAMICLIGHTMAP_OFF ok=1
Cmd: compileSnippet
  api=4 type=0 insize=4120 outsize=3647 kw=POINT ok=1
Cmd: compileSnippet
  api=4 type=1 insize=4120 outsize=1867 kw=POINT ok=1
Cmd: compileSnippet
  api=4 type=0 insize=3278 outsize=3460 kw= ok=1
Cmd: compileSnippet
  api=4 type=1 insize=3278 outsize=681 kw= ok=1
Cmd: compileSnippet
  api=4 type=0 insize=6448 outsize=4995 kw=LIGHTMAP_OFF DIRLIGHTMAP_OFF DYNAMICLIGHTMAP_OFF HDR_LIGHT_PREPASS_OFF ok=1
Cmd: compileSnippet
  api=4 type=1 insize=6448 outsize=1250 kw=LIGHTMAP_OFF DIRLIGHTMAP_OFF DYNAMICLIGHTMAP_OFF HDR_LIGHT_PREPASS_OFF ok=1
Cmd: compileSnippet
  api=4 type=0 insize=6401 outsize=4695 kw=LIGHTMAP_OFF DIRLIGHTMAP_OFF DYNAMICLIGHTMAP_OFF HDR_LIGHT_PREPASS_OFF ok=1
Cmd: compileSnippet
  api=4 type=1 insize=6401 outsize=1534 kw=LIGHTMAP_OFF DIRLIGHTMAP_OFF DYNAMICLIGHTMAP_OFF HDR_LIGHT_PREPASS_OFF ok=1
Cmd: compileSnippet
  api=4 type=0 insize=3469 outsize=3435 kw= ok=1
Cmd: compileSnippet
  api=4 type=1 insize=3469 outsize=1233 kw= ok=1
Cmd: compileSnippet
  api=4 type=0 insize=4120 outsize=3647 kw=DIRECTIONAL ok=1
Cmd: compileSnippet
  api=4 type=1 insize=4120 outsize=1087 kw=DIRECTIONAL ok=1
Cmd: preprocess
  error: 2 plat 15 at (26): Syntax error
  insize=1308 outsize=677 ok=0
Cmd: preprocess
  error: 2 plat 15 at (25): Syntax error
  insize=1078 outsize=661 ok=0
Cmd: preprocess
  error: 2 plat 15 at (26): Syntax error
  insize=1078 outsize=661 ok=0
Cmd: preprocess
  error: 2 plat 15 at (22): Surface shader function 'surf' not found
  insize=1051 outsize=689 ok=0
Cmd: preprocess
  insize=1229 outsize=1840 ok=1
Cmd: compileSnippet
  api=4 type=0 insize=7282 outsize=4557 kw=DIRECTIONAL SHADOWS_OFF LIGHTMAP_OFF DIRLIGHTMAP_OFF DYNAMICLIGHTMAP_OFF ok=1
Cmd: compileSnippet
  api=4 type=1 insize=7282 outsize=1233 kw=DIRECTIONAL SHADOWS_OFF LIGHTMAP_OFF DIRLIGHTMAP_OFF DYNAMICLIGHTMAP_OFF ok=1
Cmd: compileSnippet
  api=4 type=0 insize=4119 outsize=3647 kw=POINT ok=1
Cmd: compileSnippet
  api=4 type=1 insize=4119 outsize=1867 kw=POINT ok=1
Cmd: compileSnippet
  api=4 type=0 insize=3277 outsize=3460 kw= ok=1
Cmd: compileSnippet
  api=4 type=1 insize=3277 outsize=681 kw= ok=1
Cmd: compileSnippet
  api=4 type=0 insize=6447 outsize=4995 kw=LIGHTMAP_OFF DIRLIGHTMAP_OFF DYNAMICLIGHTMAP_OFF HDR_LIGHT_PREPASS_OFF ok=1
Cmd: compileSnippet
  api=4 type=1 insize=6447 outsize=1250 kw=LIGHTMAP_OFF DIRLIGHTMAP_OFF DYNAMICLIGHTMAP_OFF HDR_LIGHT_PREPASS_OFF ok=1
Cmd: compileSnippet
  api=4 type=0 insize=6400 outsize=4695 kw=LIGHTMAP_OFF DIRLIGHTMAP_OFF DYNAMICLIGHTMAP_OFF HDR_LIGHT_PREPASS_OFF ok=1
Cmd: compileSnippet
  api=4 type=1 insize=6400 outsize=1534 kw=LIGHTMAP_OFF DIRLIGHTMAP_OFF DYNAMICLIGHTMAP_OFF HDR_LIGHT_PREPASS_OFF ok=1
Cmd: compileSnippet
  api=4 type=0 insize=3468 outsize=3435 kw= ok=1
Cmd: compileSnippet
  api=4 type=1 insize=3468 outsize=1233 kw= ok=1
Cmd: compileSnippet
  api=4 type=0 insize=4119 outsize=3647 kw=DIRECTIONAL ok=1
Cmd: compileSnippet
  api=4 type=1 insize=4119 outsize=1087 kw=DIRECTIONAL ok=1
Cmd: preprocess
  insize=1184 outsize=1839 ok=1
Cmd: compileSnippet
  api=4 type=0 insize=7029 outsize=4370 kw=DIRECTIONAL SHADOWS_OFF LIGHTMAP_OFF DIRLIGHTMAP_OFF DYNAMICLIGHTMAP_OFF ok=1
Cmd: compileSnippet
  api=4 type=1 insize=7029 outsize=608 kw=DIRECTIONAL SHADOWS_OFF LIGHTMAP_OFF DIRLIGHTMAP_OFF DYNAMICLIGHTMAP_OFF ok=1
Cmd: compileSnippet
  api=4 type=0 insize=3906 outsize=3460 kw=POINT ok=1
Cmd: compileSnippet
  api=4 type=1 insize=3906 outsize=559 kw=POINT ok=1
Cmd: compileSnippet
  api=4 type=0 insize=3232 outsize=3460 kw= ok=1
Cmd: compileSnippet
  api=4 type=1 insize=3232 outsize=681 kw= ok=1
Cmd: compileSnippet
  api=4 type=0 insize=6234 outsize=4808 kw=LIGHTMAP_OFF DIRLIGHTMAP_OFF DYNAMICLIGHTMAP_OFF HDR_LIGHT_PREPASS_OFF ok=1
Cmd: compileSnippet
  api=4 type=1 insize=6234 outsize=657 kw=LIGHTMAP_OFF DIRLIGHTMAP_OFF DYNAMICLIGHTMAP_OFF HDR_LIGHT_PREPASS_OFF ok=1
Cmd: compileSnippet
  api=4 type=0 insize=6187 outsize=4508 kw=LIGHTMAP_OFF DIRLIGHTMAP_OFF DYNAMICLIGHTMAP_OFF HDR_LIGHT_PREPASS_OFF ok=1
Cmd: compileSnippet
  api=4 type=1 insize=6187 outsize=1193 kw=LIGHTMAP_OFF DIRLIGHTMAP_OFF DYNAMICLIGHTMAP_OFF HDR_LIGHT_PREPASS_OFF ok=1
Cmd: compileSnippet
  api=4 type=0 insize=3255 outsize=3248 kw= ok=1
Cmd: compileSnippet
  api=4 type=1 insize=3255 outsize=868 kw= ok=1
Cmd: compileSnippet
  api=4 type=0 insize=3906 outsize=3460 kw=DIRECTIONAL ok=1
Cmd: compileSnippet
  api=4 type=1 insize=3906 outsize=559 kw=DIRECTIONAL ok=1
Cmd: preprocess
  insize=1212 outsize=1839 ok=1
Cmd: compileSnippet
  api=4 type=0 insize=7265 outsize=4557 kw=DIRECTIONAL SHADOWS_OFF LIGHTMAP_OFF DIRLIGHTMAP_OFF DYNAMICLIGHTMAP_OFF ok=1
Cmd: compileSnippet
  api=4 type=1 insize=7265 outsize=657 kw=DIRECTIONAL SHADOWS_OFF LIGHTMAP_OFF DIRLIGHTMAP_OFF DYNAMICLIGHTMAP_OFF ok=1
Cmd: compileSnippet
  api=4 type=0 insize=3934 outsize=3460 kw=POINT ok=1
Cmd: compileSnippet
  api=4 type=1 insize=3934 outsize=559 kw=POINT ok=1
Cmd: compileSnippet
  api=4 type=0 insize=3260 outsize=3460 kw= ok=1
Cmd: compileSnippet
  api=4 type=1 insize=3260 outsize=681 kw= ok=1
Cmd: compileSnippet
  api=4 type=0 insize=6430 outsize=4995 kw=LIGHTMAP_OFF DIRLIGHTMAP_OFF DYNAMICLIGHTMAP_OFF HDR_LIGHT_PREPASS_OFF ok=1
Cmd: compileSnippet
  api=4 type=1 insize=6430 outsize=705 kw=LIGHTMAP_OFF DIRLIGHTMAP_OFF DYNAMICLIGHTMAP_OFF HDR_LIGHT_PREPASS_OFF ok=1
Cmd: compileSnippet
  api=4 type=0 insize=6215 outsize=4508 kw=LIGHTMAP_OFF DIRLIGHTMAP_OFF DYNAMICLIGHTMAP_OFF HDR_LIGHT_PREPASS_OFF ok=1
Cmd: compileSnippet
  api=4 type=1 insize=6215 outsize=1193 kw=LIGHTMAP_OFF DIRLIGHTMAP_OFF DYNAMICLIGHTMAP_OFF HDR_LIGHT_PREPASS_OFF ok=1
Cmd: compileSnippet
  api=4 type=0 insize=3283 outsize=3248 kw= ok=1
Cmd: compileSnippet
  api=4 type=1 insize=3283 outsize=868 kw= ok=1
Cmd: compileSnippet
  api=4 type=0 insize=3934 outsize=3460 kw=DIRECTIONAL ok=1
Cmd: compileSnippet
  api=4 type=1 insize=3934 outsize=559 kw=DIRECTIONAL ok=1
Cmd: preprocess
  insize=1229 outsize=1840 ok=1
Cmd: compileSnippet
  api=4 type=0 insize=7282 outsize=4873 kw=DIRECTIONAL SHADOWS_OFF LIGHTMAP_OFF DIRLIGHTMAP_OFF DYNAMICLIGHTMAP_OFF FOG_EXP2 ok=1
Cmd: compileSnippet
  api=4 type=1 insize=7282 outsize=1534 kw=DIRECTIONAL SHADOWS_OFF LIGHTMAP_OFF DIRLIGHTMAP_OFF DYNAMICLIGHTMAP_OFF FOG_EXP2 ok=1
Cmd: preprocess
  error: 1 plat 15 at (11): Duplicate #pragma surface found, ignoring: #pragma surface surf WrapLambert
  insize=1319 outsize=1820 ok=1
Cmd: compileSnippet
  api=4 type=0 insize=7620 outsize=4557 kw=DIRECTIONAL SHADOWS_OFF LIGHTMAP_OFF DIRLIGHTMAP_OFF DYNAMICLIGHTMAP_OFF ok=1
Cmd: compileSnippet
  api=4 type=1 insize=7620 outsize=1233 kw=DIRECTIONAL SHADOWS_OFF LIGHTMAP_OFF DIRLIGHTMAP_OFF DYNAMICLIGHTMAP_OFF ok=1
Cmd: compileSnippet
  api=4 type=0 insize=4457 outsize=3647 kw=POINT ok=1
Cmd: compileSnippet
  api=4 type=1 insize=4457 outsize=1867 kw=POINT ok=1
Cmd: compileSnippet
  api=4 type=0 insize=3615 outsize=3460 kw= ok=1
Cmd: compileSnippet
  api=4 type=1 insize=3615 outsize=681 kw= ok=1
Cmd: compileSnippet
  api=4 type=0 insize=6785 outsize=4995 kw=LIGHTMAP_OFF DIRLIGHTMAP_OFF DYNAMICLIGHTMAP_OFF HDR_LIGHT_PREPASS_OFF ok=1
Cmd: compileSnippet
  api=4 type=1 insize=6785 outsize=1250 kw=LIGHTMAP_OFF DIRLIGHTMAP_OFF DYNAMICLIGHTMAP_OFF HDR_LIGHT_PREPASS_OFF ok=1
Cmd: compileSnippet
  api=4 type=0 insize=6738 outsize=4695 kw=LIGHTMAP_OFF DIRLIGHTMAP_OFF DYNAMICLIGHTMAP_OFF HDR_LIGHT_PREPASS_OFF ok=1
Cmd: compileSnippet
  api=4 type=1 insize=6738 outsize=1534 kw=LIGHTMAP_OFF DIRLIGHTMAP_OFF DYNAMICLIGHTMAP_OFF HDR_LIGHT_PREPASS_OFF ok=1
Cmd: compileSnippet
  api=4 type=0 insize=3420 outsize=4906 kw=SHADOWS_DEPTH ok=1
Cmd: compileSnippet
  api=4 type=1 insize=3420 outsize=510 kw=SHADOWS_DEPTH ok=1
Cmd: compileSnippet
  api=4 type=0 insize=3806 outsize=3435 kw= ok=1
Cmd: compileSnippet
  api=4 type=1 insize=3806 outsize=1233 kw= ok=1
Cmd: preprocess
  insize=1285 outsize=1819 ok=1
Cmd: compileSnippet
  api=4 type=0 insize=7584 outsize=4557 kw=DIRECTIONAL SHADOWS_OFF LIGHTMAP_OFF DIRLIGHTMAP_OFF DYNAMICLIGHTMAP_OFF ok=1
Cmd: compileSnippet
  api=4 type=1 insize=7584 outsize=1233 kw=DIRECTIONAL SHADOWS_OFF LIGHTMAP_OFF DIRLIGHTMAP_OFF DYNAMICLIGHTMAP_OFF ok=1
Cmd: compileSnippet
  api=4 type=0 insize=4421 outsize=3647 kw=POINT ok=1
Cmd: compileSnippet
  api=4 type=1 insize=4421 outsize=1867 kw=POINT ok=1
Cmd: compileSnippet
  api=4 type=0 insize=3579 outsize=3460 kw= ok=1
Cmd: compileSnippet
  api=4 type=1 insize=3579 outsize=681 kw= ok=1
Cmd: compileSnippet
  api=4 type=0 insize=6749 outsize=4995 kw=LIGHTMAP_OFF DIRLIGHTMAP_OFF DYNAMICLIGHTMAP_OFF HDR_LIGHT_PREPASS_OFF ok=1
Cmd: compileSnippet
  api=4 type=1 insize=6749 outsize=1250 kw=LIGHTMAP_OFF DIRLIGHTMAP_OFF DYNAMICLIGHTMAP_OFF HDR_LIGHT_PREPASS_OFF ok=1
Cmd: compileSnippet
  api=4 type=0 insize=6702 outsize=4695 kw=LIGHTMAP_OFF DIRLIGHTMAP_OFF DYNAMICLIGHTMAP_OFF HDR_LIGHT_PREPASS_OFF ok=1
Cmd: compileSnippet
  api=4 type=1 insize=6702 outsize=1534 kw=LIGHTMAP_OFF DIRLIGHTMAP_OFF DYNAMICLIGHTMAP_OFF HDR_LIGHT_PREPASS_OFF ok=1
Cmd: compileSnippet
  api=4 type=0 insize=3384 outsize=4906 kw=SHADOWS_DEPTH ok=1
Cmd: compileSnippet
  api=4 type=1 insize=3384 outsize=510 kw=SHADOWS_DEPTH ok=1
Cmd: compileSnippet
  api=4 type=0 insize=3770 outsize=3435 kw= ok=1
Cmd: compileSnippet
  api=4 type=1 insize=3770 outsize=1233 kw= ok=1
Cmd: compileSnippet
  api=4 type=0 insize=7584 outsize=5247 kw=DIRECTIONAL SHADOWS_SCREEN LIGHTMAP_OFF DIRLIGHTMAP_OFF DYNAMICLIGHTMAP_OFF FOG_EXP2 ok=1
Cmd: compileSnippet
  api=4 type=1 insize=7584 outsize=1851 kw=DIRECTIONAL SHADOWS_SCREEN LIGHTMAP_OFF DIRLIGHTMAP_OFF DYNAMICLIGHTMAP_OFF FOG_EXP2 ok=1
Cmd: compileSnippet
  api=4 type=0 insize=7584 outsize=4873 kw=DIRECTIONAL SHADOWS_OFF LIGHTMAP_OFF DIRLIGHTMAP_OFF DYNAMICLIGHTMAP_OFF FOG_EXP2 ok=1
Cmd: compileSnippet
  api=4 type=1 insize=7584 outsize=1534 kw=DIRECTIONAL SHADOWS_OFF LIGHTMAP_OFF DIRLIGHTMAP_OFF DYNAMICLIGHTMAP_OFF FOG_EXP2 ok=1
Cmd: preprocess
  insize=1282 outsize=1820 ok=1
Cmd: compileSnippet
  api=4 type=0 insize=7581 outsize=4557 kw=DIRECTIONAL SHADOWS_OFF LIGHTMAP_OFF DIRLIGHTMAP_OFF DYNAMICLIGHTMAP_OFF ok=1
Cmd: compileSnippet
  api=4 type=1 insize=7581 outsize=1233 kw=DIRECTIONAL SHADOWS_OFF LIGHTMAP_OFF DIRLIGHTMAP_OFF DYNAMICLIGHTMAP_OFF ok=1
Cmd: compileSnippet
  api=4 type=0 insize=4418 outsize=3647 kw=POINT ok=1
Cmd: compileSnippet
  api=4 type=1 insize=4418 outsize=1867 kw=POINT ok=1
Cmd: compileSnippet
  api=4 type=0 insize=3576 outsize=3460 kw= ok=1
Cmd: compileSnippet
  api=4 type=1 insize=3576 outsize=681 kw= ok=1
Cmd: compileSnippet
  api=4 type=0 insize=6746 outsize=4995 kw=LIGHTMAP_OFF DIRLIGHTMAP_OFF DYNAMICLIGHTMAP_OFF HDR_LIGHT_PREPASS_OFF ok=1
Cmd: compileSnippet
  api=4 type=1 insize=6746 outsize=1250 kw=LIGHTMAP_OFF DIRLIGHTMAP_OFF DYNAMICLIGHTMAP_OFF HDR_LIGHT_PREPASS_OFF ok=1
Cmd: compileSnippet
  api=4 type=0 insize=6699 outsize=4695 kw=LIGHTMAP_OFF DIRLIGHTMAP_OFF DYNAMICLIGHTMAP_OFF HDR_LIGHT_PREPASS_OFF ok=1
Cmd: compileSnippet
  api=4 type=1 insize=6699 outsize=1534 kw=LIGHTMAP_OFF DIRLIGHTMAP_OFF DYNAMICLIGHTMAP_OFF HDR_LIGHT_PREPASS_OFF ok=1
Cmd: compileSnippet
  api=4 type=0 insize=3381 outsize=4906 kw=SHADOWS_DEPTH ok=1
Cmd: compileSnippet
  api=4 type=1 insize=3381 outsize=510 kw=SHADOWS_DEPTH ok=1
Cmd: compileSnippet
  api=4 type=0 insize=3767 outsize=3435 kw= ok=1
Cmd: compileSnippet
  api=4 type=1 insize=3767 outsize=1233 kw= ok=1
Cmd: compileSnippet
  api=4 type=0 insize=7581 outsize=5247 kw=DIRECTIONAL SHADOWS_SCREEN LIGHTMAP_OFF DIRLIGHTMAP_OFF DYNAMICLIGHTMAP_OFF FOG_EXP2 ok=1
Cmd: compileSnippet
  api=4 type=1 insize=7581 outsize=1851 kw=DIRECTIONAL SHADOWS_SCREEN LIGHTMAP_OFF DIRLIGHTMAP_OFF DYNAMICLIGHTMAP_OFF FOG_EXP2 ok=1
Cmd: compileSnippet
  api=4 type=0 insize=7581 outsize=4873 kw=DIRECTIONAL SHADOWS_OFF LIGHTMAP_OFF DIRLIGHTMAP_OFF DYNAMICLIGHTMAP_OFF FOG_EXP2 ok=1
Cmd: compileSnippet
  api=4 type=1 insize=7581 outsize=1534 kw=DIRECTIONAL SHADOWS_OFF LIGHTMAP_OFF DIRLIGHTMAP_OFF DYNAMICLIGHTMAP_OFF FOG_EXP2 ok=1
Cmd: preprocess
  insize=1285 outsize=1819 ok=1
Cmd: preprocess
  insize=1301 outsize=1820 ok=1
Cmd: compileSnippet
  error: 2 plat 4 at (16): undeclared identifier 'normal'\nCompiling Vertex program with DIRECTIONAL SHADOWS_OFF LIGHTMAP_OFF DIRLIGHTMAP_OFF DYNAMICLIGHTMAP_OFF
  api=4 type=0 insize=7600 outsize=0 kw=DIRECTIONAL SHADOWS_OFF LIGHTMAP_OFF DIRLIGHTMAP_OFF DYNAMICLIGHTMAP_OFF ok=0
Cmd: preprocess
  insize=1343 outsize=1819 ok=1
Cmd: compileSnippet
  error: 2 plat 4 at (17): undeclared identifier 'normal'\nCompiling Vertex program with DIRECTIONAL SHADOWS_OFF LIGHTMAP_OFF DIRLIGHTMAP_OFF DYNAMICLIGHTMAP_OFF
  api=4 type=0 insize=7642 outsize=0 kw=DIRECTIONAL SHADOWS_OFF LIGHTMAP_OFF DIRLIGHTMAP_OFF DYNAMICLIGHTMAP_OFF ok=0
Cmd: preprocess
  insize=1386 outsize=1819 ok=1
Cmd: compileSnippet
  error: 2 plat 4 at (18): undeclared identifier 'normal'\nCompiling Vertex program with DIRECTIONAL SHADOWS_OFF LIGHTMAP_OFF DIRLIGHTMAP_OFF DYNAMICLIGHTMAP_OFF
  api=4 type=0 insize=7685 outsize=0 kw=DIRECTIONAL SHADOWS_OFF LIGHTMAP_OFF DIRLIGHTMAP_OFF DYNAMICLIGHTMAP_OFF ok=0
Cmd: preprocess
  insize=991 outsize=1817 ok=1
Cmd: preprocess
  error: 2 plat 15 at (14): #pragma surface does not allow specifying other programs
  error: 2 plat 15 at (14): Surface shader vertex function 'vert' not found
  insize=2821 outsize=463 ok=0
Cmd: preprocess
  error: 2 plat 15 at (14): #pragma surface does not allow specifying other programs
  error: 2 plat 15 at (14): Surface shader vertex function 'vert' not found
  error: 1 plat 15 at (14): Duplicate #pragma vertex found, ignoring: #pragma vertex vert_surf
  insize=2819 outsize=463 ok=0
Cmd: preprocess
  insize=2836 outsize=412 ok=1
Cmd: compileSnippet
  error: 2 plat 4 at (67): invalid subscript 'vertex'\nCompiling Vertex program with DIRECTIONAL SHADOWS_OFF LIGHTMAP_OFF DIRLIGHTMAP_OFF DYNAMICLIGHTMAP_OFF
  api=4 type=0 insize=2759 outsize=0 kw=DIRECTIONAL SHADOWS_OFF LIGHTMAP_OFF DIRLIGHTMAP_OFF DYNAMICLIGHTMAP_OFF ok=0
Cmd: preprocess
  insize=2829 outsize=412 ok=1
Cmd: compileSnippet
  error: 2 plat 4 at (0): Program 'vert_surf:vert', error X3501: 'vert_surf:vert': entrypoint not found\nCompiling Vertex program with DIRECTIONAL SHADOWS_OFF LIGHTMAP_OFF DIRLIGHTMAP_OFF DYNAMICLIGHTMAP_OFF
  api=4 type=0 insize=2752 outsize=0 kw=DIRECTIONAL SHADOWS_OFF LIGHTMAP_OFF DIRLIGHTMAP_OFF DYNAMICLIGHTMAP_OFF ok=0
Cmd: preprocess
  insize=2814 outsize=412 ok=1
Cmd: compileSnippet
  error: 2 plat 4 at (67): variable 'o' used without having been completely initialized\nCompiling Vertex program with DIRECTIONAL SHADOWS_OFF LIGHTMAP_OFF DIRLIGHTMAP_OFF DYNAMICLIGHTMAP_OFF
  api=4 type=0 insize=2737 outsize=0 kw=DIRECTIONAL SHADOWS_OFF LIGHTMAP_OFF DIRLIGHTMAP_OFF DYNAMICLIGHTMAP_OFF ok=0
Cmd: preprocess
  insize=2829 outsize=412 ok=1
Cmd: compileSnippet
  error: 2 plat 4 at (0): Program 'vert_surf:vert', error X3501: 'vert_surf:vert': entrypoint not found\nCompiling Vertex program with DIRECTIONAL SHADOWS_OFF LIGHTMAP_OFF DIRLIGHTMAP_OFF DYNAMICLIGHTMAP_OFF
  api=4 type=0 insize=2752 outsize=0 kw=DIRECTIONAL SHADOWS_OFF LIGHTMAP_OFF DIRLIGHTMAP_OFF DYNAMICLIGHTMAP_OFF ok=0
Cmd: preprocess
  insize=2824 outsize=412 ok=1
Cmd: compileSnippet
  error: 2 plat 4 at (67): variable 'o' used without having been completely initialized\nCompiling Vertex program with DIRECTIONAL SHADOWS_OFF LIGHTMAP_OFF DIRLIGHTMAP_OFF DYNAMICLIGHTMAP_OFF
  api=4 type=0 insize=2747 outsize=0 kw=DIRECTIONAL SHADOWS_OFF LIGHTMAP_OFF DIRLIGHTMAP_OFF DYNAMICLIGHTMAP_OFF ok=0
Cmd: preprocess
  insize=2828 outsize=412 ok=1
Cmd: compileSnippet
  error: 2 plat 4 at (60): Output variable vert_surf contains a system-interpreted value (SV_POSITION) which must be written in every execution path of the shader.  Unconditional initialization may help.\nCompiling Vertex program with DIRECTIONAL SHADOWS_OFF LIGHTMAP_OFF DIRLIGHTMAP_OFF DYNAMICLIGHTMAP_OFF
  error: 1 plat 4 at (60): Output value 'vert_surf' is not completely initialized\nCompiling Vertex program with DIRECTIONAL SHADOWS_OFF LIGHTMAP_OFF DIRLIGHTMAP_OFF DYNAMICLIGHTMAP_OFF
  api=4 type=0 insize=2751 outsize=0 kw=DIRECTIONAL SHADOWS_OFF LIGHTMAP_OFF DIRLIGHTMAP_OFF DYNAMICLIGHTMAP_OFF ok=0
Cmd: preprocess
  error: 2 plat 15 at (14): #pragma surface does not allow specifying other programs
  error: 2 plat 15 at (14): Surface shader vertex function 'vert' not found
  error: 1 plat 15 at (14): Duplicate #pragma vertex found, ignoring: #pragma vertex vert_surf addshadow
  insize=2826 outsize=463 ok=0
Cmd: preprocess
  error: 2 plat 15 at (14): #pragma surface does not allow specifying other programs
  error: 2 plat 15 at (14): Surface shader vertex function 'vert_surf' #0 parameter has wrong modifier; has no modifier but needs 'inout' at 'appdata_full v'
  insize=2804 outsize=545 ok=0
Cmd: preprocess
  error: 2 plat 15 at (14): #pragma surface does not allow specifying other programs
  error: 2 plat 15 at (14): Surface shader function 'vertex' not found
  insize=2783 outsize=460 ok=0
Cmd: preprocess
  insize=2775 outsize=412 ok=1
Cmd: compileSnippet
  error: 2 plat 4 at (59): Output variable vert_surf contains a system-interpreted value (SV_POSITION) which must be written in every execution path of the shader.  Unconditional initialization may help.\nCompiling Vertex program with DIRECTIONAL SHADOWS_OFF LIGHTMAP_OFF DIRLIGHTMAP_OFF DYNAMICLIGHTMAP_OFF
  error: 1 plat 4 at (59): Output value 'vert_surf' is not completely initialized\nCompiling Vertex program with DIRECTIONAL SHADOWS_OFF LIGHTMAP_OFF DIRLIGHTMAP_OFF DYNAMICLIGHTMAP_OFF
  api=4 type=0 insize=2698 outsize=0 kw=DIRECTIONAL SHADOWS_OFF LIGHTMAP_OFF DIRLIGHTMAP_OFF DYNAMICLIGHTMAP_OFF ok=0
Cmd: preprocess
  insize=2770 outsize=412 ok=1
Cmd: compileSnippet
  error: 2 plat 4 at (59): unrecognized identifier 'v2f'\nCompiling Vertex program with DIRECTIONAL SHADOWS_OFF LIGHTMAP_OFF DIRLIGHTMAP_OFF DYNAMICLIGHTMAP_OFF
  api=4 type=0 insize=2693 outsize=0 kw=DIRECTIONAL SHADOWS_OFF LIGHTMAP_OFF DIRLIGHTMAP_OFF DYNAMICLIGHTMAP_OFF ok=0
Cmd: preprocess
  insize=2772 outsize=412 ok=1
Cmd: compileSnippet
  error: 2 plat 4 at (84): 'vert': void functions cannot return a value\nCompiling Vertex program with DIRECTIONAL SHADOWS_OFF LIGHTMAP_OFF DIRLIGHTMAP_OFF DYNAMICLIGHTMAP_OFF
  api=4 type=0 insize=2695 outsize=0 kw=DIRECTIONAL SHADOWS_OFF LIGHTMAP_OFF DIRLIGHTMAP_OFF DYNAMICLIGHTMAP_OFF ok=0
Cmd: preprocess
  insize=2777 outsize=412 ok=1
Cmd: compileSnippet
  error: 2 plat 4 at (84): 'vert_surf': void functions cannot return a value\nCompiling Vertex program with DIRECTIONAL SHADOWS_OFF LIGHTMAP_OFF DIRLIGHTMAP_OFF DYNAMICLIGHTMAP_OFF
  api=4 type=0 insize=2700 outsize=0 kw=DIRECTIONAL SHADOWS_OFF LIGHTMAP_OFF DIRLIGHTMAP_OFF DYNAMICLIGHTMAP_OFF ok=0
Cmd: preprocess
  insize=2773 outsize=412 ok=1
Cmd: compileSnippet
  error: 2 plat 4 at (59): unrecognized identifier 'vert_surf'\nCompiling Vertex program with DIRECTIONAL SHADOWS_OFF LIGHTMAP_OFF DIRLIGHTMAP_OFF DYNAMICLIGHTMAP_OFF
  api=4 type=0 insize=2696 outsize=0 kw=DIRECTIONAL SHADOWS_OFF LIGHTMAP_OFF DIRLIGHTMAP_OFF DYNAMICLIGHTMAP_OFF ok=0
Cmd: preprocess
  error: 2 plat 15 at (14): #pragma surface does not allow specifying other programs
  error: 2 plat 15 at (14): Surface shader vertex function 'vert' not found
  error: 1 plat 15 at (14): Duplicate #pragma vertex found, ignoring: #pragma vertex 
  insize=2807 outsize=463 ok=0
Cmd: preprocess
  error: 2 plat 15 at (14): #pragma surface does not allow specifying other programs
  error: 2 plat 15 at (14): Surface shader vertex function 'vert' not found
  insize=2791 outsize=463 ok=0
